<?xml version="1.0" encoding="UTF-8" standalone="no"?>
<!DOCTYPE log SYSTEM "logger.dtd">
<log>
<record>
  <date>2022-05-31T12:01:23.481702200Z</date>
  <millis>1653998483481</millis>
  <nanos>702200</nanos>
  <sequence>0</sequence>
  <logger></logger>
  <level>WARNING</level>
  <class>Main</class>
  <method>main</method>
  <thread>1</thread>
  <message>Warwin</message>
</record>
<record>
  <date>2022-05-31T12:01:23.674197900Z</date>
  <millis>1653998483674</millis>
  <nanos>197900</nanos>
  <sequence>1</sequence>
  <logger></logger>
  <level>INFO</level>
  <class>Main</class>
  <method>main</method>
  <thread>1</thread>
  <message>Error</message>
</record>
<record>
  <date>2022-05-31T12:01:23.677178900Z</date>
  <millis>1653998483677</millis>
  <nanos>178900</nanos>
  <sequence>2</sequence>
  <logger></logger>
  <level>INFO</level>
  <class>Main</class>
  <method>main</method>
  <thread>1</thread>
  <message>Error</message>
</record>
</log>
